[19-Jun-2021 12:45:08 Asia/Tokyo] PHP Warning:  require(../../common/database): failed to open stream: No such file or directory in /var/www/html/user/action/register.php on line 2
[19-Jun-2021 12:45:08 Asia/Tokyo] PHP Fatal error:  require(): Failed opening required '../../common/database' (include_path='.:/usr/local/lib/php') in /var/www/html/user/action/register.php on line 2
[19-Jun-2021 12:47:12 Asia/Tokyo] PHP Notice:  Undefined index: user_name in /var/www/html/user/action/register.php on line 4
[19-Jun-2021 12:47:12 Asia/Tokyo] PHP Notice:  Undefined index: user_email in /var/www/html/user/action/register.php on line 5
[19-Jun-2021 12:47:12 Asia/Tokyo] PHP Notice:  Undefined index: user_password in /var/www/html/user/action/register.php on line 6
[19-Jun-2021 12:47:12 Asia/Tokyo] PHP Notice:  Only variables should be passed by reference in /var/www/html/user/action/register.php on line 20
[19-Jun-2021 12:47:12 Asia/Tokyo] PHP Notice:  Only variables should be passed by reference in /var/www/html/user/action/register.php on line 21
[19-Jun-2021 12:47:12 Asia/Tokyo] PHP Notice:  Only variables should be passed by reference in /var/www/html/user/action/register.php on line 22
[19-Jun-2021 12:47:50 Asia/Tokyo] PHP Notice:  Only variables should be passed by reference in /var/www/html/user/action/register.php on line 20
[19-Jun-2021 12:47:50 Asia/Tokyo] PHP Notice:  Only variables should be passed by reference in /var/www/html/user/action/register.php on line 21
[19-Jun-2021 12:47:50 Asia/Tokyo] PHP Notice:  Only variables should be passed by reference in /var/www/html/user/action/register.php on line 22
[19-Jun-2021 12:55:36 Asia/Tokyo] PHP Notice:  Only variables should be passed by reference in /var/www/html/user/action/register.php on line 28
[19-Jun-2021 12:55:36 Asia/Tokyo] PHP Notice:  Only variables should be passed by reference in /var/www/html/user/action/register.php on line 29
[19-Jun-2021 12:55:36 Asia/Tokyo] PHP Notice:  Only variables should be passed by reference in /var/www/html/user/action/register.php on line 30
[19-Jun-2021 14:01:04 Asia/Tokyo] PHP Notice:  Undefined index: errors in /var/www/html/user/index.php on line 26
[19-Jun-2021 14:02:26 Asia/Tokyo] PHP Notice:  Undefined variable: emptyCheck in /var/www/html/user/action/register.php on line 13
[19-Jun-2021 14:02:26 Asia/Tokyo] PHP Fatal error:  Uncaught Error: Function name must be a string in /var/www/html/user/action/register.php:13
Stack trace:
#0 {main}
  thrown in /var/www/html/user/action/register.php on line 13
[19-Jun-2021 17:00:50 Asia/Tokyo] PHP Warning:  require(./common/auth.php): failed to open stream: No such file or directory in /var/www/html/user/index.php on line 4
[19-Jun-2021 17:00:50 Asia/Tokyo] PHP Fatal error:  require(): Failed opening required './common/auth.php' (include_path='.:/usr/local/lib/php') in /var/www/html/user/index.php on line 4
[19-Jun-2021 17:01:08 Asia/Tokyo] PHP Warning:  require(./common/auth.php): failed to open stream: No such file or directory in /var/www/html/user/index.php on line 4
[19-Jun-2021 17:01:08 Asia/Tokyo] PHP Fatal error:  require(): Failed opening required './common/auth.php' (include_path='.:/usr/local/lib/php') in /var/www/html/user/index.php on line 4
[19-Jun-2021 17:12:57 Asia/Tokyo] PHP Fatal error:  Uncaught Error: Call to undefined function isLogin() in /var/www/html/logout/logout.php:4
Stack trace:
#0 {main}
  thrown in /var/www/html/logout/logout.php on line 4
[19-Jun-2021 17:14:06 Asia/Tokyo] PHP Notice:  session_start(): A session had already been started - ignoring in /var/www/html/common/auth.php on line 3
[19-Jun-2021 17:14:06 Asia/Tokyo] PHP Notice:  session_start(): A session had already been started - ignoring in /var/www/html/common/auth.php on line 3
[19-Jun-2021 17:14:07 Asia/Tokyo] PHP Notice:  session_start(): A session had already been started - ignoring in /var/www/html/common/auth.php on line 3
[19-Jun-2021 17:14:07 Asia/Tokyo] PHP Notice:  session_start(): A session had already been started - ignoring in /var/www/html/common/auth.php on line 3
[19-Jun-2021 17:14:07 Asia/Tokyo] PHP Notice:  session_start(): A session had already been started - ignoring in /var/www/html/common/auth.php on line 3
[19-Jun-2021 17:14:07 Asia/Tokyo] PHP Notice:  session_start(): A session had already been started - ignoring in /var/www/html/common/auth.php on line 3
[19-Jun-2021 17:14:07 Asia/Tokyo] PHP Notice:  session_start(): A session had already been started - ignoring in /var/www/html/common/auth.php on line 3
[19-Jun-2021 17:14:07 Asia/Tokyo] PHP Notice:  session_start(): A session had already been started - ignoring in /var/www/html/common/auth.php on line 3
[19-Jun-2021 17:14:07 Asia/Tokyo] PHP Notice:  session_start(): A session had already been started - ignoring in /var/www/html/common/auth.php on line 3
[19-Jun-2021 17:14:07 Asia/Tokyo] PHP Notice:  session_start(): A session had already been started - ignoring in /var/www/html/common/auth.php on line 3
[19-Jun-2021 17:14:07 Asia/Tokyo] PHP Notice:  session_start(): A session had already been started - ignoring in /var/www/html/common/auth.php on line 3
[19-Jun-2021 17:14:07 Asia/Tokyo] PHP Notice:  session_start(): A session had already been started - ignoring in /var/www/html/common/auth.php on line 3
[19-Jun-2021 17:14:07 Asia/Tokyo] PHP Notice:  session_start(): A session had already been started - ignoring in /var/www/html/common/auth.php on line 3
[19-Jun-2021 17:14:07 Asia/Tokyo] PHP Notice:  session_start(): A session had already been started - ignoring in /var/www/html/common/auth.php on line 3
[19-Jun-2021 17:14:07 Asia/Tokyo] PHP Notice:  session_start(): A session had already been started - ignoring in /var/www/html/common/auth.php on line 3
[19-Jun-2021 17:14:07 Asia/Tokyo] PHP Notice:  session_start(): A session had already been started - ignoring in /var/www/html/common/auth.php on line 3
[19-Jun-2021 17:14:07 Asia/Tokyo] PHP Notice:  session_start(): A session had already been started - ignoring in /var/www/html/common/auth.php on line 3
[19-Jun-2021 17:14:07 Asia/Tokyo] PHP Notice:  session_start(): A session had already been started - ignoring in /var/www/html/common/auth.php on line 3
[19-Jun-2021 17:14:07 Asia/Tokyo] PHP Notice:  session_start(): A session had already been started - ignoring in /var/www/html/common/auth.php on line 3
[19-Jun-2021 17:14:07 Asia/Tokyo] PHP Notice:  session_start(): A session had already been started - ignoring in /var/www/html/common/auth.php on line 3
[19-Jun-2021 17:14:07 Asia/Tokyo] PHP Notice:  session_start(): A session had already been started - ignoring in /var/www/html/common/auth.php on line 3
[19-Jun-2021 17:14:16 Asia/Tokyo] PHP Notice:  session_start(): A session had already been started - ignoring in /var/www/html/common/auth.php on line 3
[19-Jun-2021 17:14:16 Asia/Tokyo] PHP Notice:  session_start(): A session had already been started - ignoring in /var/www/html/common/auth.php on line 3
[19-Jun-2021 17:14:16 Asia/Tokyo] PHP Notice:  session_start(): A session had already been started - ignoring in /var/www/html/common/auth.php on line 3
[19-Jun-2021 17:14:16 Asia/Tokyo] PHP Notice:  session_start(): A session had already been started - ignoring in /var/www/html/common/auth.php on line 3
[19-Jun-2021 17:14:16 Asia/Tokyo] PHP Notice:  session_start(): A session had already been started - ignoring in /var/www/html/common/auth.php on line 3
[19-Jun-2021 17:14:16 Asia/Tokyo] PHP Notice:  session_start(): A session had already been started - ignoring in /var/www/html/common/auth.php on line 3
[19-Jun-2021 17:14:16 Asia/Tokyo] PHP Notice:  session_start(): A session had already been started - ignoring in /var/www/html/common/auth.php on line 3
[19-Jun-2021 17:14:16 Asia/Tokyo] PHP Notice:  session_start(): A session had already been started - ignoring in /var/www/html/common/auth.php on line 3
[19-Jun-2021 17:14:16 Asia/Tokyo] PHP Notice:  session_start(): A session had already been started - ignoring in /var/www/html/common/auth.php on line 3
[19-Jun-2021 17:14:16 Asia/Tokyo] PHP Notice:  session_start(): A session had already been started - ignoring in /var/www/html/common/auth.php on line 3
[19-Jun-2021 17:14:16 Asia/Tokyo] PHP Notice:  session_start(): A session had already been started - ignoring in /var/www/html/common/auth.php on line 3
[19-Jun-2021 17:14:16 Asia/Tokyo] PHP Notice:  session_start(): A session had already been started - ignoring in /var/www/html/common/auth.php on line 3
[19-Jun-2021 17:14:16 Asia/Tokyo] PHP Notice:  session_start(): A session had already been started - ignoring in /var/www/html/common/auth.php on line 3
[19-Jun-2021 17:14:16 Asia/Tokyo] PHP Notice:  session_start(): A session had already been started - ignoring in /var/www/html/common/auth.php on line 3
[19-Jun-2021 17:14:16 Asia/Tokyo] PHP Notice:  session_start(): A session had already been started - ignoring in /var/www/html/common/auth.php on line 3
[19-Jun-2021 17:14:16 Asia/Tokyo] PHP Notice:  session_start(): A session had already been started - ignoring in /var/www/html/common/auth.php on line 3
[19-Jun-2021 17:14:16 Asia/Tokyo] PHP Notice:  session_start(): A session had already been started - ignoring in /var/www/html/common/auth.php on line 3
[19-Jun-2021 17:14:16 Asia/Tokyo] PHP Notice:  session_start(): A session had already been started - ignoring in /var/www/html/common/auth.php on line 3
[19-Jun-2021 17:14:16 Asia/Tokyo] PHP Notice:  session_start(): A session had already been started - ignoring in /var/www/html/common/auth.php on line 3
[19-Jun-2021 17:14:16 Asia/Tokyo] PHP Notice:  session_start(): A session had already been started - ignoring in /var/www/html/common/auth.php on line 3
[19-Jun-2021 17:14:16 Asia/Tokyo] PHP Notice:  session_start(): A session had already been started - ignoring in /var/www/html/common/auth.php on line 3
[19-Jun-2021 17:14:16 Asia/Tokyo] PHP Notice:  session_start(): A session had already been started - ignoring in /var/www/html/common/auth.php on line 3
[19-Jun-2021 17:14:18 Asia/Tokyo] PHP Notice:  session_start(): A session had already been started - ignoring in /var/www/html/common/auth.php on line 3
[19-Jun-2021 17:14:18 Asia/Tokyo] PHP Notice:  session_start(): A session had already been started - ignoring in /var/www/html/common/auth.php on line 3
[19-Jun-2021 17:14:18 Asia/Tokyo] PHP Notice:  session_start(): A session had already been started - ignoring in /var/www/html/common/auth.php on line 3
[19-Jun-2021 17:14:18 Asia/Tokyo] PHP Notice:  session_start(): A session had already been started - ignoring in /var/www/html/common/auth.php on line 3
[19-Jun-2021 17:14:18 Asia/Tokyo] PHP Notice:  session_start(): A session had already been started - ignoring in /var/www/html/common/auth.php on line 3
[19-Jun-2021 17:14:18 Asia/Tokyo] PHP Notice:  session_start(): A session had already been started - ignoring in /var/www/html/common/auth.php on line 3
[19-Jun-2021 17:14:18 Asia/Tokyo] PHP Notice:  session_start(): A session had already been started - ignoring in /var/www/html/common/auth.php on line 3
[19-Jun-2021 17:14:18 Asia/Tokyo] PHP Notice:  session_start(): A session had already been started - ignoring in /var/www/html/common/auth.php on line 3
[19-Jun-2021 17:14:18 Asia/Tokyo] PHP Notice:  session_start(): A session had already been started - ignoring in /var/www/html/common/auth.php on line 3
[19-Jun-2021 17:14:19 Asia/Tokyo] PHP Notice:  session_start(): A session had already been started - ignoring in /var/www/html/common/auth.php on line 3
[19-Jun-2021 17:14:19 Asia/Tokyo] PHP Notice:  session_start(): A session had already been started - ignoring in /var/www/html/common/auth.php on line 3
[19-Jun-2021 17:14:19 Asia/Tokyo] PHP Notice:  session_start(): A session had already been started - ignoring in /var/www/html/common/auth.php on line 3
[19-Jun-2021 17:14:19 Asia/Tokyo] PHP Notice:  session_start(): A session had already been started - ignoring in /var/www/html/common/auth.php on line 3
[19-Jun-2021 17:14:19 Asia/Tokyo] PHP Notice:  session_start(): A session had already been started - ignoring in /var/www/html/common/auth.php on line 3
[19-Jun-2021 17:14:19 Asia/Tokyo] PHP Notice:  session_start(): A session had already been started - ignoring in /var/www/html/common/auth.php on line 3
[19-Jun-2021 17:14:19 Asia/Tokyo] PHP Notice:  session_start(): A session had already been started - ignoring in /var/www/html/common/auth.php on line 3
[19-Jun-2021 17:14:19 Asia/Tokyo] PHP Notice:  session_start(): A session had already been started - ignoring in /var/www/html/common/auth.php on line 3
[19-Jun-2021 17:14:19 Asia/Tokyo] PHP Notice:  session_start(): A session had already been started - ignoring in /var/www/html/common/auth.php on line 3
[19-Jun-2021 17:14:19 Asia/Tokyo] PHP Notice:  session_start(): A session had already been started - ignoring in /var/www/html/common/auth.php on line 3
[19-Jun-2021 17:14:19 Asia/Tokyo] PHP Notice:  session_start(): A session had already been started - ignoring in /var/www/html/common/auth.php on line 3
[19-Jun-2021 17:14:19 Asia/Tokyo] PHP Notice:  session_start(): A session had already been started - ignoring in /var/www/html/common/auth.php on line 3
[19-Jun-2021 17:14:19 Asia/Tokyo] PHP Notice:  session_start(): A session had already been started - ignoring in /var/www/html/common/auth.php on line 3
[19-Jun-2021 17:15:08 Asia/Tokyo] PHP Notice:  session_start(): A session had already been started - ignoring in /var/www/html/common/auth.php on line 3
[19-Jun-2021 17:15:08 Asia/Tokyo] PHP Notice:  session_start(): A session had already been started - ignoring in /var/www/html/common/auth.php on line 3
[19-Jun-2021 17:15:08 Asia/Tokyo] PHP Notice:  session_start(): A session had already been started - ignoring in /var/www/html/common/auth.php on line 3
[19-Jun-2021 17:15:08 Asia/Tokyo] PHP Notice:  session_start(): A session had already been started - ignoring in /var/www/html/common/auth.php on line 3
[19-Jun-2021 17:15:08 Asia/Tokyo] PHP Notice:  session_start(): A session had already been started - ignoring in /var/www/html/common/auth.php on line 3
[19-Jun-2021 17:15:08 Asia/Tokyo] PHP Notice:  session_start(): A session had already been started - ignoring in /var/www/html/common/auth.php on line 3
[19-Jun-2021 17:15:08 Asia/Tokyo] PHP Notice:  session_start(): A session had already been started - ignoring in /var/www/html/common/auth.php on line 3
[19-Jun-2021 17:15:08 Asia/Tokyo] PHP Notice:  session_start(): A session had already been started - ignoring in /var/www/html/common/auth.php on line 3
[19-Jun-2021 17:15:08 Asia/Tokyo] PHP Notice:  session_start(): A session had already been started - ignoring in /var/www/html/common/auth.php on line 3
[19-Jun-2021 17:15:08 Asia/Tokyo] PHP Notice:  session_start(): A session had already been started - ignoring in /var/www/html/common/auth.php on line 3
[19-Jun-2021 17:15:08 Asia/Tokyo] PHP Notice:  session_start(): A session had already been started - ignoring in /var/www/html/common/auth.php on line 3
[19-Jun-2021 17:15:08 Asia/Tokyo] PHP Notice:  session_start(): A session had already been started - ignoring in /var/www/html/common/auth.php on line 3
[19-Jun-2021 17:15:08 Asia/Tokyo] PHP Notice:  session_start(): A session had already been started - ignoring in /var/www/html/common/auth.php on line 3
[19-Jun-2021 17:15:08 Asia/Tokyo] PHP Notice:  session_start(): A session had already been started - ignoring in /var/www/html/common/auth.php on line 3
[19-Jun-2021 17:15:08 Asia/Tokyo] PHP Notice:  session_start(): A session had already been started - ignoring in /var/www/html/common/auth.php on line 3
[19-Jun-2021 17:15:08 Asia/Tokyo] PHP Notice:  session_start(): A session had already been started - ignoring in /var/www/html/common/auth.php on line 3
[19-Jun-2021 17:15:08 Asia/Tokyo] PHP Notice:  session_start(): A session had already been started - ignoring in /var/www/html/common/auth.php on line 3
[19-Jun-2021 17:15:08 Asia/Tokyo] PHP Notice:  session_start(): A session had already been started - ignoring in /var/www/html/common/auth.php on line 3
[19-Jun-2021 17:15:08 Asia/Tokyo] PHP Notice:  session_start(): A session had already been started - ignoring in /var/www/html/common/auth.php on line 3
[19-Jun-2021 17:15:08 Asia/Tokyo] PHP Notice:  session_start(): A session had already been started - ignoring in /var/www/html/common/auth.php on line 3
[19-Jun-2021 17:15:08 Asia/Tokyo] PHP Notice:  session_start(): A session had already been started - ignoring in /var/www/html/common/auth.php on line 3
[19-Jun-2021 17:15:25 Asia/Tokyo] PHP Notice:  session_start(): A session had already been started - ignoring in /var/www/html/common/auth.php on line 3
[19-Jun-2021 17:15:26 Asia/Tokyo] PHP Notice:  session_start(): A session had already been started - ignoring in /var/www/html/common/auth.php on line 3
[19-Jun-2021 17:15:26 Asia/Tokyo] PHP Notice:  session_start(): A session had already been started - ignoring in /var/www/html/common/auth.php on line 3
[19-Jun-2021 17:15:26 Asia/Tokyo] PHP Notice:  session_start(): A session had already been started - ignoring in /var/www/html/common/auth.php on line 3
[19-Jun-2021 17:15:26 Asia/Tokyo] PHP Notice:  session_start(): A session had already been started - ignoring in /var/www/html/common/auth.php on line 3
[19-Jun-2021 17:15:26 Asia/Tokyo] PHP Notice:  session_start(): A session had already been started - ignoring in /var/www/html/common/auth.php on line 3
[19-Jun-2021 17:15:26 Asia/Tokyo] PHP Notice:  session_start(): A session had already been started - ignoring in /var/www/html/common/auth.php on line 3
[19-Jun-2021 17:15:26 Asia/Tokyo] PHP Notice:  session_start(): A session had already been started - ignoring in /var/www/html/common/auth.php on line 3
[19-Jun-2021 17:15:26 Asia/Tokyo] PHP Notice:  session_start(): A session had already been started - ignoring in /var/www/html/common/auth.php on line 3
[19-Jun-2021 17:15:26 Asia/Tokyo] PHP Notice:  session_start(): A session had already been started - ignoring in /var/www/html/common/auth.php on line 3
[19-Jun-2021 17:15:26 Asia/Tokyo] PHP Notice:  session_start(): A session had already been started - ignoring in /var/www/html/common/auth.php on line 3
[19-Jun-2021 17:15:26 Asia/Tokyo] PHP Notice:  session_start(): A session had already been started - ignoring in /var/www/html/common/auth.php on line 3
[19-Jun-2021 17:15:26 Asia/Tokyo] PHP Notice:  session_start(): A session had already been started - ignoring in /var/www/html/common/auth.php on line 3
[19-Jun-2021 17:15:26 Asia/Tokyo] PHP Notice:  session_start(): A session had already been started - ignoring in /var/www/html/common/auth.php on line 3
[19-Jun-2021 17:15:26 Asia/Tokyo] PHP Notice:  session_start(): A session had already been started - ignoring in /var/www/html/common/auth.php on line 3
[19-Jun-2021 17:15:26 Asia/Tokyo] PHP Notice:  session_start(): A session had already been started - ignoring in /var/www/html/common/auth.php on line 3
[19-Jun-2021 17:15:26 Asia/Tokyo] PHP Notice:  session_start(): A session had already been started - ignoring in /var/www/html/common/auth.php on line 3
[19-Jun-2021 17:15:26 Asia/Tokyo] PHP Notice:  session_start(): A session had already been started - ignoring in /var/www/html/common/auth.php on line 3
[19-Jun-2021 17:15:26 Asia/Tokyo] PHP Notice:  session_start(): A session had already been started - ignoring in /var/www/html/common/auth.php on line 3
[19-Jun-2021 17:15:26 Asia/Tokyo] PHP Notice:  session_start(): A session had already been started - ignoring in /var/www/html/common/auth.php on line 3
[19-Jun-2021 17:15:26 Asia/Tokyo] PHP Notice:  session_start(): A session had already been started - ignoring in /var/www/html/common/auth.php on line 3
[19-Jun-2021 17:15:26 Asia/Tokyo] PHP Notice:  session_start(): A session had already been started - ignoring in /var/www/html/common/auth.php on line 3
[19-Jun-2021 17:52:08 Asia/Tokyo] PHP Parse error:  syntax error, unexpected 'var_dump' (T_STRING) in /var/www/html/memo/action/add.php on line 15
[19-Jun-2021 18:48:21 Asia/Tokyo] PHP Warning:  require(../../common/database.php): failed to open stream: No such file or directory in /var/www/html/memo/index.php on line 4
[19-Jun-2021 18:48:21 Asia/Tokyo] PHP Fatal error:  require(): Failed opening required '../../common/database.php' (include_path='.:/usr/local/lib/php') in /var/www/html/memo/index.php on line 4
[19-Jun-2021 18:48:21 Asia/Tokyo] PHP Warning:  require(../../common/database.php): failed to open stream: No such file or directory in /var/www/html/memo/index.php on line 4
[19-Jun-2021 18:48:21 Asia/Tokyo] PHP Fatal error:  require(): Failed opening required '../../common/database.php' (include_path='.:/usr/local/lib/php') in /var/www/html/memo/index.php on line 4
[19-Jun-2021 18:48:32 Asia/Tokyo] PHP Warning:  mb_strlen() expects at most 2 parameters, 3 given in /var/www/html/common/auth.php on line 27
[19-Jun-2021 18:48:33 Asia/Tokyo] PHP Fatal error:  Allowed memory size of 134217728 bytes exhausted (tried to allocate 134217736 bytes) in /var/www/html/memo/index.php on line 25
[19-Jun-2021 18:48:33 Asia/Tokyo] PHP Warning:  mb_strlen() expects at most 2 parameters, 3 given in /var/www/html/common/auth.php on line 27
[19-Jun-2021 18:48:33 Asia/Tokyo] PHP Fatal error:  Allowed memory size of 134217728 bytes exhausted (tried to allocate 134217736 bytes) in /var/www/html/memo/index.php on line 25
[19-Jun-2021 18:51:56 Asia/Tokyo] PHP Warning:  mb_strlen() expects at most 2 parameters, 3 given in /var/www/html/common/auth.php on line 28
[19-Jun-2021 18:51:56 Asia/Tokyo] PHP Fatal error:  Allowed memory size of 134217728 bytes exhausted (tried to allocate 134217736 bytes) in /var/www/html/memo/index.php on line 25
[19-Jun-2021 18:51:56 Asia/Tokyo] PHP Warning:  mb_strlen() expects at most 2 parameters, 3 given in /var/www/html/common/auth.php on line 28
[19-Jun-2021 18:51:56 Asia/Tokyo] PHP Fatal error:  Allowed memory size of 134217728 bytes exhausted (tried to allocate 134217736 bytes) in /var/www/html/memo/index.php on line 25
[19-Jun-2021 18:52:07 Asia/Tokyo] PHP Fatal error:  Allowed memory size of 134217728 bytes exhausted (tried to allocate 134217736 bytes) in /var/www/html/memo/index.php on line 25
[19-Jun-2021 18:52:07 Asia/Tokyo] PHP Fatal error:  Allowed memory size of 134217728 bytes exhausted (tried to allocate 134217736 bytes) in /var/www/html/memo/index.php on line 25
[19-Jun-2021 18:54:00 Asia/Tokyo] PHP Fatal error:  Allowed memory size of 209715200 bytes exhausted (tried to allocate 268435464 bytes) in /var/www/html/memo/index.php on line 28
[19-Jun-2021 18:54:00 Asia/Tokyo] PHP Fatal error:  Allowed memory size of 209715200 bytes exhausted (tried to allocate 268435464 bytes) in /var/www/html/memo/index.php on line 28
[19-Jun-2021 19:00:50 Asia/Tokyo] PHP Fatal error:  Allowed memory size of 314572800 bytes exhausted (tried to allocate 536870920 bytes) in /var/www/html/memo/index.php on line 28
[19-Jun-2021 19:00:53 Asia/Tokyo] PHP Fatal error:  Allowed memory size of 314572800 bytes exhausted (tried to allocate 536870920 bytes) in /var/www/html/memo/index.php on line 28
[19-Jun-2021 19:02:10 Asia/Tokyo] PHP Fatal error:  Allowed memory size of 314572800 bytes exhausted (tried to allocate 536870920 bytes) in /var/www/html/memo/index.php on line 28
[19-Jun-2021 19:02:11 Asia/Tokyo] PHP Fatal error:  Allowed memory size of 314572800 bytes exhausted (tried to allocate 536870920 bytes) in /var/www/html/memo/index.php on line 28
[19-Jun-2021 19:02:22 Asia/Tokyo] PHP Fatal error:  Allowed memory size of 2097152 bytes exhausted (tried to allocate 2097160 bytes) in /var/www/html/memo/index.php on line 28
[19-Jun-2021 19:02:22 Asia/Tokyo] PHP Fatal error:  Allowed memory size of 2097152 bytes exhausted (tried to allocate 2097160 bytes) in /var/www/html/memo/index.php on line 28
[19-Jun-2021 19:02:40 Asia/Tokyo] PHP Fatal error:  Allowed memory size of 2097152 bytes exhausted (tried to allocate 2097160 bytes) in /var/www/html/memo/index.php on line 28
[19-Jun-2021 19:02:40 Asia/Tokyo] PHP Fatal error:  Allowed memory size of 2097152 bytes exhausted (tried to allocate 2097160 bytes) in /var/www/html/memo/index.php on line 28
[19-Jun-2021 19:02:52 Asia/Tokyo] PHP Fatal error:  Allowed memory size of 2097152 bytes exhausted (tried to allocate 2097160 bytes) in /var/www/html/memo/index.php on line 28
[19-Jun-2021 19:02:52 Asia/Tokyo] PHP Fatal error:  Allowed memory size of 2097152 bytes exhausted (tried to allocate 2097160 bytes) in /var/www/html/memo/index.php on line 28
[19-Jun-2021 19:02:54 Asia/Tokyo] PHP Fatal error:  Allowed memory size of 2097152 bytes exhausted (tried to allocate 2097160 bytes) in /var/www/html/memo/index.php on line 28
[19-Jun-2021 19:02:54 Asia/Tokyo] PHP Fatal error:  Allowed memory size of 2097152 bytes exhausted (tried to allocate 2097160 bytes) in /var/www/html/memo/index.php on line 28
[19-Jun-2021 19:02:55 Asia/Tokyo] PHP Fatal error:  Allowed memory size of 2097152 bytes exhausted (tried to allocate 2097160 bytes) in /var/www/html/memo/index.php on line 28
[19-Jun-2021 19:02:55 Asia/Tokyo] PHP Fatal error:  Allowed memory size of 2097152 bytes exhausted (tried to allocate 2097160 bytes) in /var/www/html/memo/index.php on line 28
[19-Jun-2021 19:02:55 Asia/Tokyo] PHP Fatal error:  Allowed memory size of 2097152 bytes exhausted (tried to allocate 2097160 bytes) in /var/www/html/memo/index.php on line 28
[19-Jun-2021 19:02:55 Asia/Tokyo] PHP Fatal error:  Allowed memory size of 2097152 bytes exhausted (tried to allocate 2097160 bytes) in /var/www/html/memo/index.php on line 28
[19-Jun-2021 19:03:06 Asia/Tokyo] PHP Fatal error:  Allowed memory size of 134217728 bytes exhausted (tried to allocate 134217736 bytes) in /var/www/html/memo/index.php on line 28
[19-Jun-2021 19:03:06 Asia/Tokyo] PHP Fatal error:  Allowed memory size of 134217728 bytes exhausted (tried to allocate 134217736 bytes) in /var/www/html/memo/index.php on line 28
[19-Jun-2021 19:04:17 Asia/Tokyo] PHP Fatal error:  Allowed memory size of 524288000 bytes exhausted (tried to allocate 536870920 bytes) in /var/www/html/memo/index.php on line 28
[19-Jun-2021 19:04:18 Asia/Tokyo] PHP Fatal error:  Allowed memory size of 524288000 bytes exhausted (tried to allocate 536870920 bytes) in /var/www/html/memo/index.php on line 28
[19-Jun-2021 19:05:07 Asia/Tokyo] PHP Fatal error:  Allowed memory size of 134217728 bytes exhausted (tried to allocate 134217736 bytes) in /var/www/html/memo/index.php on line 26
[19-Jun-2021 19:05:08 Asia/Tokyo] PHP Fatal error:  Allowed memory size of 134217728 bytes exhausted (tried to allocate 134217736 bytes) in /var/www/html/memo/index.php on line 26
[19-Jun-2021 19:40:35 Asia/Tokyo] PHP Notice:  Only variables should be passed by reference in /var/www/html/memo/action/update.php on line 20
[19-Jun-2021 19:40:35 Asia/Tokyo] PHP Notice:  Only variables should be passed by reference in /var/www/html/memo/action/update.php on line 21
[19-Jun-2021 19:47:48 Asia/Tokyo] PHP Notice:  Only variables should be passed by reference in /var/www/html/memo/action/update.php on line 20
[19-Jun-2021 19:47:48 Asia/Tokyo] PHP Notice:  Only variables should be passed by reference in /var/www/html/memo/action/update.php on line 21
